0 info it worked if it ends with ok
1 verbose cli [ '/usr/local/bin/node',
1 verbose cli   '/usr/local/bin/npm',
1 verbose cli   'install',
1 verbose cli   '-g',
1 verbose cli   'jslint' ]
2 info using npm@1.3.24
3 info using node@v0.10.25
4 verbose cache add [ 'jslint', null ]
5 verbose cache add name=undefined spec="jslint" args=["jslint",null]
6 verbose parsed url { protocol: null,
6 verbose parsed url   slashes: null,
6 verbose parsed url   auth: null,
6 verbose parsed url   host: null,
6 verbose parsed url   port: null,
6 verbose parsed url   hostname: null,
6 verbose parsed url   hash: null,
6 verbose parsed url   search: null,
6 verbose parsed url   query: null,
6 verbose parsed url   pathname: 'jslint',
6 verbose parsed url   path: 'jslint',
6 verbose parsed url   href: 'jslint' }
7 silly lockFile 606b7026-jslint jslint
8 verbose lock jslint /root/.npm/606b7026-jslint.lock
9 silly lockFile 606b7026-jslint jslint
10 silly lockFile 606b7026-jslint jslint
11 verbose addNamed [ 'jslint', '' ]
12 verbose addNamed [ null, '*' ]
13 silly lockFile 564fcf84-jslint jslint@
14 verbose lock jslint@ /root/.npm/564fcf84-jslint.lock
15 silly addNameRange { name: 'jslint', range: '*', hasData: false }
16 verbose url raw jslint
17 verbose url resolving [ 'http://registry.npmjs.org/', './jslint' ]
18 verbose url resolved http://registry.npmjs.org/jslint
19 info trying registry request attempt 1 at 16:06:57
20 http GET http://registry.npmjs.org/jslint
21 info retry will retry, error on last attempt: Error: connect ECONNREFUSED
22 info trying registry request attempt 2 at 16:07:07
23 http GET http://registry.npmjs.org/jslint
24 info retry will retry, error on last attempt: Error: connect ECONNREFUSED
25 info trying registry request attempt 3 at 16:08:07
26 http GET http://registry.npmjs.org/jslint
27 silly lockFile 564fcf84-jslint jslint@
28 silly lockFile 564fcf84-jslint jslint@
29 error Error: connect ECONNREFUSED
29 error     at errnoException (net.js:901:11)
29 error     at Object.afterConnect [as oncomplete] (net.js:892:19)
29 error  { [Error: connect ECONNREFUSED]
29 error   code: 'ECONNREFUSED',
29 error   errno: 'ECONNREFUSED',
29 error   syscall: 'connect' }
30 error If you are behind a proxy, please make sure that the
30 error 'proxy' config is set properly.  See: 'npm help config'
31 error System Linux 3.2.0-4-686-pae
32 error command "/usr/local/bin/node" "/usr/local/bin/npm" "install" "-g" "jslint"
33 error cwd /data/WEB/preprod/projects/borne_electrique/js
34 error node -v v0.10.25
35 error npm -v 1.3.24
36 error syscall connect
37 error code ECONNREFUSED
38 error errno ECONNREFUSED
39 error stack Error: connect ECONNREFUSED
39 error stack     at errnoException (net.js:901:11)
39 error stack     at Object.afterConnect [as oncomplete] (net.js:892:19)
40 verbose exit [ 1, true ]
